{"/Users/pinho/projetos/study/node-primeira-api/src/@types/fastify.d.ts": {"path":"/Users/pinho/projetos/study/node-primeira-api/src/@types/fastify.d.ts","all":true,"statementMap":{},"s":{},"branchMap":{"0":{"type":"branch","line":1,"loc":{"start":{"line":1,"column":194},"end":{"line":10,"column":1}},"locations":[{"start":{"line":1,"column":194},"end":{"line":10,"column":1}}]}},"b":{"0":[1]},"fnMap":{"0":{"name":"(empty-report)","decl":{"start":{"line":1,"column":194},"end":{"line":10,"column":1}},"loc":{"start":{"line":1,"column":194},"end":{"line":10,"column":1}},"line":1}},"f":{"0":1}}
,"/Users/pinho/projetos/study/node-primeira-api/src/routes/create-course.ts": {"path":"/Users/pinho/projetos/study/node-primeira-api/src/routes/create-course.ts","all":false,"statementMap":{"0":{"start":{"line":1,"column":0},"end":{"line":1,"column":42}},"1":{"start":{"line":2,"column":0},"end":{"line":2,"column":47}},"4":{"start":{"line":5,"column":0},"end":{"line":5,"column":22}},"5":{"start":{"line":6,"column":0},"end":{"line":6,"column":61}},"6":{"start":{"line":7,"column":0},"end":{"line":7,"column":57}},"9":{"start":{"line":10,"column":0},"end":{"line":10,"column":75}},"10":{"start":{"line":11,"column":0},"end":{"line":11,"column":29}},"11":{"start":{"line":12,"column":0},"end":{"line":12,"column":21}},"12":{"start":{"line":13,"column":0},"end":{"line":13,"column":26}},"13":{"start":{"line":14,"column":0},"end":{"line":14,"column":34}},"14":{"start":{"line":15,"column":0},"end":{"line":15,"column":10}},"15":{"start":{"line":16,"column":0},"end":{"line":16,"column":17}},"16":{"start":{"line":17,"column":0},"end":{"line":17,"column":30}},"17":{"start":{"line":18,"column":0},"end":{"line":18,"column":37}},"18":{"start":{"line":19,"column":0},"end":{"line":19,"column":28}},"19":{"start":{"line":20,"column":0},"end":{"line":20,"column":86}},"20":{"start":{"line":21,"column":0},"end":{"line":21,"column":15}},"21":{"start":{"line":22,"column":0},"end":{"line":22,"column":23}},"22":{"start":{"line":23,"column":0},"end":{"line":23,"column":31}},"23":{"start":{"line":24,"column":0},"end":{"line":24,"column":38}},"24":{"start":{"line":25,"column":0},"end":{"line":25,"column":56}},"25":{"start":{"line":26,"column":0},"end":{"line":26,"column":13}},"26":{"start":{"line":27,"column":0},"end":{"line":27,"column":9}},"27":{"start":{"line":28,"column":0},"end":{"line":28,"column":33}},"28":{"start":{"line":29,"column":0},"end":{"line":29,"column":46}},"30":{"start":{"line":31,"column":0},"end":{"line":31,"column":31}},"31":{"start":{"line":32,"column":0},"end":{"line":32,"column":28}},"32":{"start":{"line":33,"column":0},"end":{"line":33,"column":41}},"33":{"start":{"line":34,"column":0},"end":{"line":34,"column":24}},"35":{"start":{"line":36,"column":0},"end":{"line":36,"column":39}},"36":{"start":{"line":37,"column":0},"end":{"line":37,"column":35}},"37":{"start":{"line":38,"column":0},"end":{"line":38,"column":10}},"38":{"start":{"line":39,"column":0},"end":{"line":39,"column":6}},"39":{"start":{"line":40,"column":0},"end":{"line":40,"column":1}}},"s":{"0":1,"1":1,"4":1,"5":1,"6":1,"9":1,"10":4,"11":4,"12":4,"13":4,"14":4,"15":4,"16":4,"17":4,"18":4,"19":4,"20":4,"21":4,"22":4,"23":4,"24":4,"25":4,"26":4,"27":4,"28":1,"30":1,"31":1,"32":1,"33":1,"35":1,"36":1,"37":1,"38":4,"39":4},"branchMap":{"0":{"type":"branch","line":10,"loc":{"start":{"line":10,"column":56},"end":{"line":40,"column":1}},"locations":[{"start":{"line":10,"column":56},"end":{"line":40,"column":1}}]},"1":{"type":"branch","line":28,"loc":{"start":{"line":28,"column":6},"end":{"line":39,"column":5}},"locations":[{"start":{"line":28,"column":6},"end":{"line":39,"column":5}}]}},"b":{"0":[4],"1":[1]},"fnMap":{"0":{"name":"createCourseRoute","decl":{"start":{"line":10,"column":56},"end":{"line":40,"column":1}},"loc":{"start":{"line":10,"column":56},"end":{"line":40,"column":1}},"line":10}},"f":{"0":4}}
,"/Users/pinho/projetos/study/node-primeira-api/src/routes/get-course-by-id.ts": {"path":"/Users/pinho/projetos/study/node-primeira-api/src/routes/get-course-by-id.ts","all":false,"statementMap":{"0":{"start":{"line":1,"column":0},"end":{"line":1,"column":40}},"1":{"start":{"line":2,"column":0},"end":{"line":2,"column":45}},"4":{"start":{"line":5,"column":0},"end":{"line":5,"column":30}},"5":{"start":{"line":6,"column":0},"end":{"line":6,"column":21}},"6":{"start":{"line":7,"column":0},"end":{"line":7,"column":61}},"9":{"start":{"line":10,"column":0},"end":{"line":10,"column":76}},"10":{"start":{"line":11,"column":0},"end":{"line":11,"column":32}},"11":{"start":{"line":12,"column":0},"end":{"line":12,"column":21}},"12":{"start":{"line":13,"column":0},"end":{"line":13,"column":27}},"13":{"start":{"line":14,"column":0},"end":{"line":14,"column":10}},"14":{"start":{"line":15,"column":0},"end":{"line":15,"column":17}},"15":{"start":{"line":16,"column":0},"end":{"line":16,"column":30}},"16":{"start":{"line":17,"column":0},"end":{"line":17,"column":46}},"17":{"start":{"line":18,"column":0},"end":{"line":18,"column":30}},"18":{"start":{"line":19,"column":0},"end":{"line":19,"column":29}},"19":{"start":{"line":20,"column":0},"end":{"line":20,"column":15}},"20":{"start":{"line":21,"column":0},"end":{"line":21,"column":23}},"21":{"start":{"line":22,"column":0},"end":{"line":22,"column":31}},"22":{"start":{"line":23,"column":0},"end":{"line":23,"column":38}},"23":{"start":{"line":24,"column":0},"end":{"line":24,"column":37}},"24":{"start":{"line":25,"column":0},"end":{"line":25,"column":42}},"25":{"start":{"line":26,"column":0},"end":{"line":26,"column":59}},"26":{"start":{"line":27,"column":0},"end":{"line":27,"column":22}},"27":{"start":{"line":28,"column":0},"end":{"line":28,"column":19}},"28":{"start":{"line":29,"column":0},"end":{"line":29,"column":63}},"29":{"start":{"line":30,"column":0},"end":{"line":30,"column":14}},"30":{"start":{"line":31,"column":0},"end":{"line":31,"column":10}},"31":{"start":{"line":32,"column":0},"end":{"line":32,"column":34}},"32":{"start":{"line":33,"column":0},"end":{"line":33,"column":42}},"34":{"start":{"line":35,"column":0},"end":{"line":35,"column":31}},"35":{"start":{"line":36,"column":0},"end":{"line":36,"column":21}},"36":{"start":{"line":37,"column":0},"end":{"line":37,"column":26}},"37":{"start":{"line":38,"column":0},"end":{"line":38,"column":44}},"39":{"start":{"line":40,"column":0},"end":{"line":40,"column":32}},"40":{"start":{"line":41,"column":0},"end":{"line":41,"column":40}},"41":{"start":{"line":42,"column":0},"end":{"line":42,"column":9}},"43":{"start":{"line":44,"column":0},"end":{"line":44,"column":39}},"44":{"start":{"line":45,"column":0},"end":{"line":45,"column":6}},"46":{"start":{"line":47,"column":0},"end":{"line":47,"column":1}}},"s":{"0":1,"1":1,"4":1,"5":1,"6":1,"9":1,"10":4,"11":4,"12":4,"13":4,"14":4,"15":4,"16":4,"17":4,"18":4,"19":4,"20":4,"21":4,"22":4,"23":4,"24":4,"25":4,"26":4,"27":4,"28":4,"29":4,"30":4,"31":4,"32":2,"34":2,"35":2,"36":2,"37":2,"39":2,"40":1,"41":1,"43":1,"44":4,"46":4},"branchMap":{"0":{"type":"branch","line":10,"loc":{"start":{"line":10,"column":57},"end":{"line":47,"column":1}},"locations":[{"start":{"line":10,"column":57},"end":{"line":47,"column":1}}]},"1":{"type":"branch","line":32,"loc":{"start":{"line":32,"column":7},"end":{"line":45,"column":5}},"locations":[{"start":{"line":32,"column":7},"end":{"line":45,"column":5}}]},"2":{"type":"branch","line":40,"loc":{"start":{"line":40,"column":31},"end":{"line":44,"column":39}},"locations":[{"start":{"line":40,"column":31},"end":{"line":44,"column":39}}]}},"b":{"0":[4],"1":[2],"2":[1]},"fnMap":{"0":{"name":"getCourseByIdRoute","decl":{"start":{"line":10,"column":57},"end":{"line":47,"column":1}},"loc":{"start":{"line":10,"column":57},"end":{"line":47,"column":1}},"line":10}},"f":{"0":4}}
,"/Users/pinho/projetos/study/node-primeira-api/src/routes/get-courses.ts": {"path":"/Users/pinho/projetos/study/node-primeira-api/src/routes/get-courses.ts","all":false,"statementMap":{"0":{"start":{"line":1,"column":0},"end":{"line":1,"column":42}},"1":{"start":{"line":2,"column":0},"end":{"line":2,"column":60}},"2":{"start":{"line":3,"column":0},"end":{"line":3,"column":61}},"4":{"start":{"line":5,"column":0},"end":{"line":5,"column":23}},"5":{"start":{"line":6,"column":0},"end":{"line":6,"column":61}},"6":{"start":{"line":7,"column":0},"end":{"line":7,"column":57}},"8":{"start":{"line":9,"column":0},"end":{"line":9,"column":73}},"9":{"start":{"line":10,"column":0},"end":{"line":10,"column":28}},"10":{"start":{"line":11,"column":0},"end":{"line":11,"column":21}},"11":{"start":{"line":12,"column":0},"end":{"line":12,"column":28}},"12":{"start":{"line":13,"column":0},"end":{"line":13,"column":36}},"13":{"start":{"line":14,"column":0},"end":{"line":14,"column":10}},"14":{"start":{"line":15,"column":0},"end":{"line":15,"column":15}},"15":{"start":{"line":16,"column":0},"end":{"line":16,"column":28}},"16":{"start":{"line":17,"column":0},"end":{"line":17,"column":43}},"17":{"start":{"line":18,"column":0},"end":{"line":18,"column":33}},"18":{"start":{"line":19,"column":0},"end":{"line":19,"column":42}},"19":{"start":{"line":20,"column":0},"end":{"line":20,"column":70}},"20":{"start":{"line":21,"column":0},"end":{"line":21,"column":58}},"21":{"start":{"line":22,"column":0},"end":{"line":22,"column":13}},"22":{"start":{"line":23,"column":0},"end":{"line":23,"column":21}},"23":{"start":{"line":24,"column":0},"end":{"line":24,"column":29}},"24":{"start":{"line":25,"column":0},"end":{"line":25,"column":45}},"25":{"start":{"line":26,"column":0},"end":{"line":26,"column":35}},"26":{"start":{"line":27,"column":0},"end":{"line":27,"column":40}},"27":{"start":{"line":28,"column":0},"end":{"line":28,"column":46}},"28":{"start":{"line":29,"column":0},"end":{"line":29,"column":22}},"29":{"start":{"line":30,"column":0},"end":{"line":30,"column":36}},"30":{"start":{"line":31,"column":0},"end":{"line":31,"column":16}},"31":{"start":{"line":32,"column":0},"end":{"line":32,"column":11}},"32":{"start":{"line":33,"column":0},"end":{"line":33,"column":7}},"33":{"start":{"line":34,"column":0},"end":{"line":34,"column":34}},"34":{"start":{"line":35,"column":0},"end":{"line":35,"column":56}},"36":{"start":{"line":37,"column":0},"end":{"line":37,"column":36}},"38":{"start":{"line":39,"column":0},"end":{"line":39,"column":21}},"39":{"start":{"line":40,"column":0},"end":{"line":40,"column":64}},"40":{"start":{"line":41,"column":0},"end":{"line":41,"column":9}},"42":{"start":{"line":43,"column":0},"end":{"line":43,"column":51}},"43":{"start":{"line":44,"column":0},"end":{"line":44,"column":23}},"44":{"start":{"line":45,"column":0},"end":{"line":45,"column":31}},"45":{"start":{"line":46,"column":0},"end":{"line":46,"column":37}},"46":{"start":{"line":47,"column":0},"end":{"line":47,"column":51}},"47":{"start":{"line":48,"column":0},"end":{"line":48,"column":14}},"48":{"start":{"line":49,"column":0},"end":{"line":49,"column":30}},"49":{"start":{"line":50,"column":0},"end":{"line":50,"column":76}},"50":{"start":{"line":51,"column":0},"end":{"line":51,"column":47}},"51":{"start":{"line":52,"column":0},"end":{"line":52,"column":39}},"52":{"start":{"line":53,"column":0},"end":{"line":53,"column":26}},"53":{"start":{"line":54,"column":0},"end":{"line":54,"column":42}},"54":{"start":{"line":55,"column":0},"end":{"line":55,"column":37}},"55":{"start":{"line":56,"column":0},"end":{"line":56,"column":50}},"56":{"start":{"line":57,"column":0},"end":{"line":57,"column":10}},"58":{"start":{"line":59,"column":0},"end":{"line":59,"column":53}},"59":{"start":{"line":60,"column":0},"end":{"line":60,"column":6}},"60":{"start":{"line":61,"column":0},"end":{"line":61,"column":1}}},"s":{"0":1,"1":1,"2":1,"4":1,"5":1,"6":1,"8":1,"9":4,"10":4,"11":4,"12":4,"13":4,"14":4,"15":4,"16":4,"17":4,"18":4,"19":4,"20":4,"21":4,"22":4,"23":4,"24":4,"25":4,"26":4,"27":4,"28":4,"29":4,"30":4,"31":4,"32":4,"33":4,"34":1,"36":1,"38":1,"39":1,"40":1,"42":1,"43":1,"44":1,"45":1,"46":1,"47":1,"48":1,"49":1,"50":1,"51":1,"52":1,"53":1,"54":1,"55":1,"56":1,"58":1,"59":4,"60":4},"branchMap":{"0":{"type":"branch","line":9,"loc":{"start":{"line":9,"column":54},"end":{"line":61,"column":1}},"locations":[{"start":{"line":9,"column":54},"end":{"line":61,"column":1}}]},"1":{"type":"branch","line":34,"loc":{"start":{"line":34,"column":7},"end":{"line":60,"column":5}},"locations":[{"start":{"line":34,"column":7},"end":{"line":60,"column":5}}]}},"b":{"0":[4],"1":[1]},"fnMap":{"0":{"name":"getCoursesRoute","decl":{"start":{"line":9,"column":54},"end":{"line":61,"column":1}},"loc":{"start":{"line":9,"column":54},"end":{"line":61,"column":1}},"line":9}},"f":{"0":4}}
,"/Users/pinho/projetos/study/node-primeira-api/src/routes/login.ts": {"path":"/Users/pinho/projetos/study/node-primeira-api/src/routes/login.ts","all":false,"statementMap":{"1":{"start":{"line":2,"column":0},"end":{"line":2,"column":42}},"2":{"start":{"line":3,"column":0},"end":{"line":3,"column":52}},"3":{"start":{"line":4,"column":0},"end":{"line":4,"column":30}},"6":{"start":{"line":7,"column":0},"end":{"line":7,"column":22}},"7":{"start":{"line":8,"column":0},"end":{"line":8,"column":31}},"8":{"start":{"line":9,"column":0},"end":{"line":9,"column":31}},"12":{"start":{"line":13,"column":0},"end":{"line":13,"column":68}},"13":{"start":{"line":14,"column":0},"end":{"line":14,"column":30}},"14":{"start":{"line":15,"column":0},"end":{"line":15,"column":17}},"15":{"start":{"line":16,"column":0},"end":{"line":16,"column":27}},"16":{"start":{"line":17,"column":0},"end":{"line":17,"column":29}},"17":{"start":{"line":18,"column":0},"end":{"line":18,"column":28}},"18":{"start":{"line":19,"column":0},"end":{"line":19,"column":33}},"19":{"start":{"line":20,"column":0},"end":{"line":20,"column":37}},"20":{"start":{"line":21,"column":0},"end":{"line":21,"column":15}},"21":{"start":{"line":22,"column":0},"end":{"line":22,"column":23}},"22":{"start":{"line":23,"column":0},"end":{"line":23,"column":31}},"23":{"start":{"line":24,"column":0},"end":{"line":24,"column":37}},"24":{"start":{"line":25,"column":0},"end":{"line":25,"column":19}},"25":{"start":{"line":26,"column":0},"end":{"line":26,"column":31}},"26":{"start":{"line":27,"column":0},"end":{"line":27,"column":39}},"27":{"start":{"line":28,"column":0},"end":{"line":28,"column":18}},"28":{"start":{"line":29,"column":0},"end":{"line":29,"column":13}},"29":{"start":{"line":30,"column":0},"end":{"line":30,"column":9}},"30":{"start":{"line":31,"column":0},"end":{"line":31,"column":33}},"31":{"start":{"line":32,"column":0},"end":{"line":32,"column":48}},"33":{"start":{"line":34,"column":0},"end":{"line":34,"column":31}},"34":{"start":{"line":35,"column":0},"end":{"line":35,"column":21}},"35":{"start":{"line":36,"column":0},"end":{"line":36,"column":24}},"36":{"start":{"line":37,"column":0},"end":{"line":37,"column":42}},"38":{"start":{"line":39,"column":0},"end":{"line":39,"column":34}},"39":{"start":{"line":40,"column":0},"end":{"line":40,"column":77}},"40":{"start":{"line":41,"column":0},"end":{"line":41,"column":9}},"42":{"start":{"line":43,"column":0},"end":{"line":43,"column":30}},"44":{"start":{"line":45,"column":0},"end":{"line":45,"column":72}},"46":{"start":{"line":47,"column":0},"end":{"line":47,"column":34}},"47":{"start":{"line":48,"column":0},"end":{"line":48,"column":77}},"48":{"start":{"line":49,"column":0},"end":{"line":49,"column":9}},"50":{"start":{"line":51,"column":0},"end":{"line":51,"column":38}},"51":{"start":{"line":52,"column":0},"end":{"line":52,"column":57}},"52":{"start":{"line":53,"column":0},"end":{"line":53,"column":9}},"54":{"start":{"line":55,"column":0},"end":{"line":55,"column":33}},"55":{"start":{"line":56,"column":0},"end":{"line":56,"column":25}},"56":{"start":{"line":57,"column":0},"end":{"line":57,"column":28}},"57":{"start":{"line":58,"column":0},"end":{"line":58,"column":35}},"59":{"start":{"line":60,"column":0},"end":{"line":60,"column":39}},"60":{"start":{"line":61,"column":0},"end":{"line":61,"column":17}},"61":{"start":{"line":62,"column":0},"end":{"line":62,"column":10}},"62":{"start":{"line":63,"column":0},"end":{"line":63,"column":6}},"63":{"start":{"line":64,"column":0},"end":{"line":64,"column":1}}},"s":{"1":1,"2":1,"3":1,"6":1,"7":1,"8":1,"12":1,"13":4,"14":4,"15":4,"16":4,"17":4,"18":4,"19":4,"20":4,"21":4,"22":4,"23":4,"24":4,"25":4,"26":4,"27":4,"28":4,"29":4,"30":4,"31":1,"33":1,"34":1,"35":1,"36":1,"38":1,"39":0,"40":0,"42":1,"44":1,"46":1,"47":0,"48":0,"50":1,"51":0,"52":0,"54":1,"55":1,"56":1,"57":1,"59":1,"60":1,"61":1,"62":4,"63":4},"branchMap":{"0":{"type":"branch","line":13,"loc":{"start":{"line":13,"column":49},"end":{"line":64,"column":1}},"locations":[{"start":{"line":13,"column":49},"end":{"line":64,"column":1}}]},"1":{"type":"branch","line":31,"loc":{"start":{"line":31,"column":6},"end":{"line":63,"column":5}},"locations":[{"start":{"line":31,"column":6},"end":{"line":63,"column":5}}]},"2":{"type":"branch","line":39,"loc":{"start":{"line":39,"column":33},"end":{"line":41,"column":9}},"locations":[{"start":{"line":39,"column":33},"end":{"line":41,"column":9}}]},"3":{"type":"branch","line":47,"loc":{"start":{"line":47,"column":33},"end":{"line":49,"column":9}},"locations":[{"start":{"line":47,"column":33},"end":{"line":49,"column":9}}]},"4":{"type":"branch","line":51,"loc":{"start":{"line":51,"column":37},"end":{"line":53,"column":9}},"locations":[{"start":{"line":51,"column":37},"end":{"line":53,"column":9}}]}},"b":{"0":[4],"1":[1],"2":[0],"3":[0],"4":[0]},"fnMap":{"0":{"name":"loginRoute","decl":{"start":{"line":13,"column":49},"end":{"line":64,"column":1}},"loc":{"start":{"line":13,"column":49},"end":{"line":64,"column":1}},"line":13}},"f":{"0":4}}
,"/Users/pinho/projetos/study/node-primeira-api/src/routes/hooks/check-request-jwt.ts": {"path":"/Users/pinho/projetos/study/node-primeira-api/src/routes/hooks/check-request-jwt.ts","all":false,"statementMap":{"1":{"start":{"line":2,"column":0},"end":{"line":2,"column":30}},"8":{"start":{"line":9,"column":0},"end":{"line":9,"column":85}},"9":{"start":{"line":10,"column":0},"end":{"line":10,"column":47}},"11":{"start":{"line":12,"column":0},"end":{"line":12,"column":17}},"12":{"start":{"line":13,"column":0},"end":{"line":13,"column":39}},"13":{"start":{"line":14,"column":0},"end":{"line":14,"column":5}},"15":{"start":{"line":16,"column":0},"end":{"line":16,"column":34}},"16":{"start":{"line":17,"column":0},"end":{"line":17,"column":53}},"17":{"start":{"line":18,"column":0},"end":{"line":18,"column":5}},"19":{"start":{"line":20,"column":0},"end":{"line":20,"column":9}},"20":{"start":{"line":21,"column":0},"end":{"line":21,"column":79}},"22":{"start":{"line":23,"column":0},"end":{"line":23,"column":30}},"23":{"start":{"line":24,"column":0},"end":{"line":24,"column":21}},"24":{"start":{"line":25,"column":0},"end":{"line":25,"column":39}},"25":{"start":{"line":26,"column":0},"end":{"line":26,"column":5}},"26":{"start":{"line":27,"column":0},"end":{"line":27,"column":1}}},"s":{"1":1,"8":4,"9":4,"11":4,"12":0,"13":0,"15":4,"16":0,"17":0,"19":4,"20":4,"22":4,"23":4,"24":0,"25":0,"26":4},"branchMap":{"0":{"type":"branch","line":9,"loc":{"start":{"line":9,"column":0},"end":{"line":27,"column":1}},"locations":[{"start":{"line":9,"column":0},"end":{"line":27,"column":1}}]},"1":{"type":"branch","line":12,"loc":{"start":{"line":12,"column":16},"end":{"line":14,"column":5}},"locations":[{"start":{"line":12,"column":16},"end":{"line":14,"column":5}}]},"2":{"type":"branch","line":16,"loc":{"start":{"line":16,"column":33},"end":{"line":18,"column":5}},"locations":[{"start":{"line":16,"column":33},"end":{"line":18,"column":5}}]},"3":{"type":"branch","line":24,"loc":{"start":{"line":24,"column":4},"end":{"line":26,"column":5}},"locations":[{"start":{"line":24,"column":4},"end":{"line":26,"column":5}}]}},"b":{"0":[4],"1":[0],"2":[0],"3":[0]},"fnMap":{"0":{"name":"checkRequestJWT","decl":{"start":{"line":9,"column":0},"end":{"line":27,"column":1}},"loc":{"start":{"line":9,"column":0},"end":{"line":27,"column":1}},"line":9}},"f":{"0":4}}
,"/Users/pinho/projetos/study/node-primeira-api/src/routes/hooks/check-user-role.ts": {"path":"/Users/pinho/projetos/study/node-primeira-api/src/routes/hooks/check-user-role.ts","all":false,"statementMap":{"2":{"start":{"line":3,"column":0},"end":{"line":3,"column":99}},"4":{"start":{"line":5,"column":0},"end":{"line":5,"column":60}},"5":{"start":{"line":6,"column":0},"end":{"line":6,"column":74}},"6":{"start":{"line":7,"column":0},"end":{"line":7,"column":61}},"8":{"start":{"line":9,"column":0},"end":{"line":9,"column":33}},"9":{"start":{"line":10,"column":0},"end":{"line":10,"column":43}},"10":{"start":{"line":11,"column":0},"end":{"line":11,"column":9}},"11":{"start":{"line":12,"column":0},"end":{"line":12,"column":5}},"12":{"start":{"line":13,"column":0},"end":{"line":13,"column":1}}},"s":{"2":1,"4":1,"5":8,"6":2,"8":2,"9":0,"10":0,"11":2,"12":8},"branchMap":{"0":{"type":"branch","line":5,"loc":{"start":{"line":5,"column":7},"end":{"line":13,"column":1}},"locations":[{"start":{"line":5,"column":7},"end":{"line":13,"column":1}}]},"1":{"type":"branch","line":6,"loc":{"start":{"line":6,"column":12},"end":{"line":12,"column":5}},"locations":[{"start":{"line":6,"column":12},"end":{"line":12,"column":5}}]},"2":{"type":"branch","line":9,"loc":{"start":{"line":9,"column":32},"end":{"line":11,"column":9}},"locations":[{"start":{"line":9,"column":32},"end":{"line":11,"column":9}}]}},"b":{"0":[8],"1":[2],"2":[0]},"fnMap":{"0":{"name":"checkUserRole","decl":{"start":{"line":5,"column":7},"end":{"line":13,"column":1}},"loc":{"start":{"line":5,"column":7},"end":{"line":13,"column":1}},"line":5}},"f":{"0":8}}
,"/Users/pinho/projetos/study/node-primeira-api/src/utils/get-authenticated-user-from-request.ts": {"path":"/Users/pinho/projetos/study/node-primeira-api/src/utils/get-authenticated-user-from-request.ts","all":false,"statementMap":{"2":{"start":{"line":3,"column":0},"end":{"line":3,"column":74}},"3":{"start":{"line":4,"column":0},"end":{"line":4,"column":29}},"5":{"start":{"line":6,"column":0},"end":{"line":6,"column":16}},"6":{"start":{"line":7,"column":0},"end":{"line":7,"column":49}},"7":{"start":{"line":8,"column":0},"end":{"line":8,"column":5}},"9":{"start":{"line":10,"column":0},"end":{"line":10,"column":15}},"10":{"start":{"line":11,"column":0},"end":{"line":11,"column":1}}},"s":{"2":1,"3":2,"5":2,"6":0,"7":0,"9":2,"10":2},"branchMap":{"0":{"type":"branch","line":3,"loc":{"start":{"line":3,"column":7},"end":{"line":11,"column":1}},"locations":[{"start":{"line":3,"column":7},"end":{"line":11,"column":1}}]},"1":{"type":"branch","line":6,"loc":{"start":{"line":6,"column":15},"end":{"line":8,"column":5}},"locations":[{"start":{"line":6,"column":15},"end":{"line":8,"column":5}}]}},"b":{"0":[2],"1":[0]},"fnMap":{"0":{"name":"getAuthenticatedUserFromRequest","decl":{"start":{"line":3,"column":7},"end":{"line":11,"column":1}},"loc":{"start":{"line":3,"column":7},"end":{"line":11,"column":1}},"line":3}},"f":{"0":2}}
}
